# JRE version: OpenJDK Runtime Environment (21.0.9) (build 21.0.9+-14649483-b1163.86)
# Java VM: OpenJDK 64-Bit Server VM (21.0.9+-14649483-b1163.86, mixed mode, tiered, compressed oops, compressed class ptrs, g1 gc, windows-amd64)
GC Precious Log:
 CardTable entry size: 512
 Card Set container configuration: InlinePtr #cards 5 size 8 Array Of Cards #cards 12 size 40 Howl #buckets 4 coarsen threshold 1843 Howl Bitmap #cards 512 size 80 coarsen threshold 460 Card regions per heap region 1 cards per card region 2048
 CPUs: 12 total, 12 available
 Memory: 7596M
 Large Page Support: Disabled
 NUMA Support: Disabled
 Compressed Oops: Enabled (32-bit)
 Heap Region Size: 1M
 Heap Min Capacity: 8M
 Heap Initial Capacity: 120M
 Heap Max Capacity: 2G
 Pre-touch: Disabled
 Parallel Workers: 10
 Concurrent Workers: 3
 Concurrent Refinement Workers: 10
 Periodic GC: Disabled
Heap:
 garbage-first heap   total 143360K, used 95533K [0x0000000080000000, 0x0000000100000000)
  region size 1024K, 22 young (22528K), 2 survivors (2048K)
 Metaspace       used 81028K, committed 83072K, reserved 1179648K
  class space    used 11456K, committed 12416K, reserved 1048576K
GC Heap History (20 events):
Event: 92.906 GC heap before
{Heap before GC invocations=28 (full 0):
 garbage-first heap   total 87040K, used 81480K [0x0000000080000000, 0x0000000100000000)
  region size 1024K, 31 young (31744K), 2 survivors (2048K)
 Metaspace       used 71680K, committed 73600K, reserved 1114112K
  class space    used 10222K, committed 11136K, reserved 1048576K
}
Event: 92.915 GC heap after
{Heap after GC invocations=29 (full 0):
 garbage-first heap   total 104448K, used 52123K [0x0000000080000000, 0x0000000100000000)
  region size 1024K, 3 young (3072K), 3 survivors (3072K)
 Metaspace       used 71680K, committed 73600K, reserved 1114112K
  class space    used 10222K, committed 11136K, reserved 1048576K
}
Event: 93.343 GC heap before
{Heap before GC invocations=30 (full 0):
 garbage-first heap   total 104448K, used 95131K [0x0000000080000000, 0x0000000100000000)
  region size 1024K, 46 young (47104K), 3 survivors (3072K)
 Metaspace       used 71757K, committed 73728K, reserved 1114112K
  class space    used 10222K, committed 11136K, reserved 1048576K
}
Event: 93.346 GC heap after
{Heap after GC invocations=31 (full 0):
 garbage-first heap   total 104448K, used 52694K [0x0000000080000000, 0x0000000100000000)
  region size 1024K, 3 young (3072K), 3 survivors (3072K)
 Metaspace       used 71757K, committed 73728K, reserved 1114112K
  class space    used 10222K, committed 11136K, reserved 1048576K
}
Event: 93.935 GC heap before
{Heap before GC invocations=31 (full 0):
 garbage-first heap   total 104448K, used 97750K [0x0000000080000000, 0x0000000100000000)
  region size 1024K, 47 young (48128K), 3 survivors (3072K)
 Metaspace       used 71764K, committed 73728K, reserved 1114112K
  class space    used 10222K, committed 11136K, reserved 1048576K
}
Event: 93.950 GC heap after
{Heap after GC invocations=32 (full 0):
 garbage-first heap   total 104448K, used 53112K [0x0000000080000000, 0x0000000100000000)
  region size 1024K, 4 young (4096K), 4 survivors (4096K)
 Metaspace       used 71764K, committed 73728K, reserved 1114112K
  class space    used 10222K, committed 11136K, reserved 1048576K
}
Event: 94.672 GC heap before
{Heap before GC invocations=32 (full 0):
 garbage-first heap   total 104448K, used 96120K [0x0000000080000000, 0x0000000100000000)
  region size 1024K, 47 young (48128K), 4 survivors (4096K)
 Metaspace       used 71774K, committed 73728K, reserved 1114112K
  class space    used 10222K, committed 11136K, reserved 1048576K
}
Event: 94.680 GC heap after
{Heap after GC invocations=33 (full 0):
 garbage-first heap   total 104448K, used 53623K [0x0000000080000000, 0x0000000100000000)
  region size 1024K, 4 young (4096K), 4 survivors (4096K)
 Metaspace       used 71774K, committed 73728K, reserved 1114112K
  class space    used 10222K, committed 11136K, reserved 1048576K
}
Event: 94.983 GC heap before
{Heap before GC invocations=34 (full 0):
 garbage-first heap   total 104448K, used 95607K [0x0000000080000000, 0x0000000100000000)
  region size 1024K, 46 young (47104K), 4 survivors (4096K)
 Metaspace       used 71776K, committed 73728K, reserved 1114112K
  class space    used 10222K, committed 11136K, reserved 1048576K
}
Event: 94.987 GC heap after
{Heap after GC invocations=35 (full 0):
 garbage-first heap   total 104448K, used 54079K [0x0000000080000000, 0x0000000100000000)
  region size 1024K, 4 young (4096K), 4 survivors (4096K)
 Metaspace       used 71776K, committed 73728K, reserved 1114112K
  class space    used 10222K, committed 11136K, reserved 1048576K
}
Event: 95.138 GC heap before
{Heap before GC invocations=35 (full 0):
 garbage-first heap   total 104448K, used 97087K [0x0000000080000000, 0x0000000100000000)
  region size 1024K, 46 young (47104K), 4 survivors (4096K)
 Metaspace       used 71779K, committed 73728K, reserved 1114112K
  class space    used 10222K, committed 11136K, reserved 1048576K
}
Event: 95.159 GC heap after
{Heap after GC invocations=36 (full 0):
 garbage-first heap   total 125952K, used 54274K [0x0000000080000000, 0x0000000100000000)
  region size 1024K, 4 young (4096K), 4 survivors (4096K)
 Metaspace       used 71779K, committed 73728K, reserved 1114112K
  class space    used 10222K, committed 11136K, reserved 1048576K
}
Event: 95.453 GC heap before
{Heap before GC invocations=36 (full 0):
 garbage-first heap   total 125952K, used 117762K [0x0000000080000000, 0x0000000100000000)
  region size 1024K, 66 young (67584K), 4 survivors (4096K)
 Metaspace       used 71784K, committed 73728K, reserved 1114112K
  class space    used 10222K, committed 11136K, reserved 1048576K
}
Event: 95.457 GC heap after
{Heap after GC invocations=37 (full 0):
 garbage-first heap   total 125952K, used 54709K [0x0000000080000000, 0x0000000100000000)
  region size 1024K, 4 young (4096K), 4 survivors (4096K)
 Metaspace       used 71784K, committed 73728K, reserved 1114112K
  class space    used 10222K, committed 11136K, reserved 1048576K
}
Event: 102.598 GC heap before
{Heap before GC invocations=38 (full 0):
 garbage-first heap   total 125952K, used 122293K [0x0000000080000000, 0x0000000100000000)
  region size 1024K, 66 young (67584K), 4 survivors (4096K)
 Metaspace       used 72262K, committed 74240K, reserved 1114112K
  class space    used 10290K, committed 11264K, reserved 1048576K
}
Event: 102.615 GC heap after
{Heap after GC invocations=39 (full 0):
 garbage-first heap   total 133120K, used 65223K [0x0000000080000000, 0x0000000100000000)
  region size 1024K, 9 young (9216K), 9 survivors (9216K)
 Metaspace       used 72262K, committed 74240K, reserved 1114112K
  class space    used 10290K, committed 11264K, reserved 1048576K
}
Event: 111.264 GC heap before
{Heap before GC invocations=39 (full 0):
 garbage-first heap   total 133120K, used 126663K [0x0000000080000000, 0x0000000100000000)
  region size 1024K, 66 young (67584K), 9 survivors (9216K)
 Metaspace       used 76006K, committed 77952K, reserved 1179648K
  class space    used 10751K, committed 11712K, reserved 1048576K
}
Event: 111.320 GC heap after
{Heap after GC invocations=40 (full 0):
 garbage-first heap   total 143360K, used 73153K [0x0000000080000000, 0x0000000100000000)
  region size 1024K, 5 young (5120K), 5 survivors (5120K)
 Metaspace       used 76006K, committed 77952K, reserved 1179648K
  class space    used 10751K, committed 11712K, reserved 1048576K
}
Event: 119.211 GC heap before
{Heap before GC invocations=40 (full 0):
 garbage-first heap   total 143360K, used 108993K [0x0000000080000000, 0x0000000100000000)
  region size 1024K, 41 young (41984K), 5 survivors (5120K)
 Metaspace       used 79618K, committed 81664K, reserved 1179648K
  class space    used 11260K, committed 12224K, reserved 1048576K
}
Event: 119.219 GC heap after
{Heap after GC invocations=41 (full 0):
 garbage-first heap   total 143360K, used 74029K [0x0000000080000000, 0x0000000100000000)
  region size 1024K, 2 young (2048K), 2 survivors (2048K)
 Metaspace       used 79618K, committed 81664K, reserved 1179648K
  class space    used 11260K, committed 12224K, reserved 1048576K
}

